<?xml version="1.0" encoding="UTF-8"?>
<!-- Generated by org.testng.reporters.JUnitReportReporter -->
<testsuite hostname="LAPTOP-46U5D7MH" failures="0" tests="1" name="BookingFlightTickets.BookingFlightTickets.AppTest" time="55.109" errors="0" timestamp="2026-02-07T20:58:11 IST" skipped="0">
  <testcase classname="BookingFlightTickets.BookingFlightTickets.AppTest" name="bookRoundTripFlight" time="55.109">
    <system-out>
      <![CDATA[==================================================
TEST STARTED : BOOK ROUND TRIP FLIGHT
==================================================
---------- STEP 1 : DATA.PROPERTIES FILE LOADED... ----------
---------- STEP 2 : OPEN APPLICATION ----------
Browser launched successfully
Navigated to application URL
---------- STEP 3 : CLOSE INITIAL POPUPS ----------
Login popup closed
Chat popup closed
Initial popups closed successfully
Popups closed
---------- STEP 4 : LOGIN / SIGNUP ----------
login/Signup
Login button clicked
switched to iframe
Google Sign-in clicked
Switched to child window
Email entered: abc@gmail.com
Child window closed
Switched back to main window
Login popup closed
Popups closed after login/signup
---------- STEP 5 : CURRENCY SELECTION ----------
Selecting currency from auto-suggestion list
Scrolling to Click on currency dropdown
Clicking on currency dropdown
Typing currency in search box: INR
Number of currency suggestions displayed: 1
Currency suggestion found: Indian Rupee
INR
Currency selected successfully: INR
---------- STEP 6 : FLIGHT BOOKING FLOW ----------
Source city selected: Pune Airport
Destination city selected: Hyderabad Begumpet Airport
Cities selected
Departure date selected: Tue Feb 17 2026
Return date field activated
Return date selected: Sun Mar 01 2026
Dates selected
  Starting traveller selection flow  
Traveller widget opened
Traveller widget opened
Adults = 3
Traveller widget opened
Adults selected: 3
Selected 3 adults
Traveller selection applied
Traveller details applied successfully
==================================================
TEST COMPLETED SUCCESSFULLY
==================================================]]>
    </system-out>
  </testcase> <!-- bookRoundTripFlight -->
  <system-out>
    <![CDATA[==================================================
TEST STARTED : BOOK ROUND TRIP FLIGHT
==================================================
---------- STEP 1 : DATA.PROPERTIES FILE LOADED... ----------
---------- STEP 2 : OPEN APPLICATION ----------
Browser launched successfully
Navigated to application URL
---------- STEP 3 : CLOSE INITIAL POPUPS ----------
Login popup closed
Chat popup closed
Initial popups closed successfully
Popups closed
---------- STEP 4 : LOGIN / SIGNUP ----------
login/Signup
Login button clicked
switched to iframe
Google Sign-in clicked
Switched to child window
Email entered: abc@gmail.com
Child window closed
Switched back to main window
Login popup closed
Popups closed after login/signup
---------- STEP 5 : CURRENCY SELECTION ----------
Selecting currency from auto-suggestion list
Scrolling to Click on currency dropdown
Clicking on currency dropdown
Typing currency in search box: INR
Number of currency suggestions displayed: 1
Currency suggestion found: Indian Rupee
INR
Currency selected successfully: INR
---------- STEP 6 : FLIGHT BOOKING FLOW ----------
Source city selected: Pune Airport
Destination city selected: Hyderabad Begumpet Airport
Cities selected
Departure date selected: Tue Feb 17 2026
Return date field activated
Return date selected: Sun Mar 01 2026
Dates selected
  Starting traveller selection flow  
Traveller widget opened
Traveller widget opened
Adults = 3
Traveller widget opened
Adults selected: 3
Selected 3 adults
Traveller selection applied
Traveller details applied successfully
==================================================
TEST COMPLETED SUCCESSFULLY
==================================================
==================================================
 WINDOW CLOSED & QUIT FROM BROWSER SUCCESSFULLY
==================================================]]>
  </system-out>
</testsuite> <!-- BookingFlightTickets.BookingFlightTickets.AppTest -->
