<?xml version="1.0" encoding="UTF-8"?>
<!-- Generated by org.testng.reporters.JUnitReportReporter -->
<testsuite hostname="LAPTOP-46U5D7MH" failures="0" tests="2" name="com.bookflight.testcase.TestCase" time="84.395" errors="0" timestamp="2026-01-31T20:05:14 IST" skipped="0">
  <testcase classname="com.bookflight.testcase.TestCase" name="searchFlightTickets" time="78.615">
    <system-out>
      <![CDATA[Currency button clicked
Currency entered: in
Login button clicked
switched to iframe
Google Sign-in clicked
Switched to child window
Email entered: abc@gmail.com
Child window closed
Switched back to main window
Login Popup displayed and successfully closed
Round Trip button clicked
Source city selected: Pune Airport
Destination city selected: Hyderabad Begumpet Airport
Departure date selected: Tue Feb 17 2026
Return date selected: Sun Mar 01 2026
Traveller selected: 3 Adults
Apply button clicked
Search button clicked]]>
    </system-out>
  </testcase> <!-- searchFlightTickets -->
  <testcase classname="com.bookflight.testcase.TestCase" name="popupClose" time="5.780">
    <system-out>
      <![CDATA[Login Popup displayed and successfully closed
Chat Popup displayed and successfully closed]]>
    </system-out>
  </testcase> <!-- popupClose -->
  <system-out>
    <![CDATA[Login Popup displayed and successfully closed
Chat Popup displayed and successfully closed
Currency button clicked
Currency entered: in
Login button clicked
switched to iframe
Google Sign-in clicked
Switched to child window
Email entered: abc@gmail.com
Child window closed
Switched back to main window
Login Popup displayed and successfully closed
Round Trip button clicked
Source city selected: Pune Airport
Destination city selected: Hyderabad Begumpet Airport
Departure date selected: Tue Feb 17 2026
Return date selected: Sun Mar 01 2026
Traveller selected: 3 Adults
Apply button clicked
Search button clicked
Closed Browser Successfully.]]>
  </system-out>
</testsuite> <!-- com.bookflight.testcase.TestCase -->
