<?xml version="1.0" encoding="UTF-8"?>
<!-- Generated by org.testng.reporters.JUnitReportReporter -->
<testsuite hostname="LAPTOP-46U5D7MH" failures="0" tests="1" name="BookingFlightTickets.BookingFlightTickets.AppTest" time="14.483" errors="0" timestamp="2026-02-07T18:58:55 IST" skipped="0">
  <testcase classname="BookingFlightTickets.BookingFlightTickets.AppTest" name="bookRoundTripFlight" time="14.483">
    <system-out>
      <![CDATA[Test started: Book Round Trip Flight
Login popup closed
Chat popup closed
Popups closed
Clicking on currency dropdown
Typing currency in search box: INR
Number of currency suggestions displayed: 1
Currency suggestion found: Indian Rupee
INR
Currency selected successfully: INR
Source city selected: Pune Airport
Destination city selected: Hyderabad Begumpet Airport
Cities selected
Departure date selected: Tue Feb 17 2026
Return date field activated
Return date selected: Sun Mar 01 2026
Dates selected
Starting traveller selection flow
Traveller widget opened
Traveller widget opened
Adults = 3
Traveller widget opened
Adults selected: 3
Selected 3 adults
Traveller selection applied
Test completed successfully]]>
    </system-out>
  </testcase> <!-- bookRoundTripFlight -->
  <system-out>
    <![CDATA[Test started: Book Round Trip Flight
Login popup closed
Chat popup closed
Popups closed
Clicking on currency dropdown
Typing currency in search box: INR
Number of currency suggestions displayed: 1
Currency suggestion found: Indian Rupee
INR
Currency selected successfully: INR
Source city selected: Pune Airport
Destination city selected: Hyderabad Begumpet Airport
Cities selected
Departure date selected: Tue Feb 17 2026
Return date field activated
Return date selected: Sun Mar 01 2026
Dates selected
Starting traveller selection flow
Traveller widget opened
Traveller widget opened
Adults = 3
Traveller widget opened
Adults selected: 3
Selected 3 adults
Traveller selection applied
Test completed successfully]]>
  </system-out>
</testsuite> <!-- BookingFlightTickets.BookingFlightTickets.AppTest -->
